<?xml version="1.0" encoding="UTF-8"?>
<!-- Generated by org.testng.reporters.JUnitReportReporter -->
<testsuite hostname="MS" failures="0" tests="2" name="testCases.TC_017_Display_Product_Name_Price_Description" time="0.904" errors="0" timestamp="2024-04-28T15:02:25 IST" skipped="0">
  <testcase classname="testCases.TC_017_Display_Product_Name_Price_Description" name="login" time="0.556"/>
  <testcase classname="testCases.TC_017_Display_Product_Name_Price_Description" name="AddProduct" time="0.348"/>
</testsuite> <!-- testCases.TC_017_Display_Product_Name_Price_Description -->
