<?xml version="1.0" encoding="UTF-8"?>
<!-- Generated by org.testng.reporters.JUnitReportReporter -->
<testsuite hostname="MS" failures="0" tests="7" name="testCases.TC_015_Price_High_To_Low" time="1.654" errors="0" timestamp="2024-04-26T14:10:00 IST" skipped="0">
  <testcase classname="testCases.TC_015_Price_High_To_Low" name="verifyAccount" time="0.574"/>
  <testcase classname="testCases.TC_015_Price_High_To_Low" name="verifyTitle" time="0.009"/>
  <testcase classname="testCases.TC_015_Price_High_To_Low" name="staticDropdown" time="0.308"/>
  <testcase classname="testCases.TC_015_Price_High_To_Low" name="displayProducts" time="0.140"/>
  <testcase classname="testCases.TC_015_Price_High_To_Low" name="displayProductsNames$Prices" time="0.227"/>
  <testcase classname="testCases.TC_015_Price_High_To_Low" name="displayProductsAndPrices" time="0.191"/>
  <testcase classname="testCases.TC_015_Price_High_To_Low" name="displayProductsNamesAndPrices" time="0.205"/>
</testsuite> <!-- testCases.TC_015_Price_High_To_Low -->
