<?xml version="1.0" encoding="UTF-8"?>
<!-- Generated by org.testng.reporters.JUnitReportReporter -->
<testsuite hostname="MS" failures="0" tests="4" name="testCases.TC_012_StaticDropdown_Name_Z_A" time="1.051" errors="0" timestamp="2024-04-26T13:25:12 IST" skipped="0">
  <testcase classname="testCases.TC_012_StaticDropdown_Name_Z_A" name="verifyAccount" time="0.599"/>
  <testcase classname="testCases.TC_012_StaticDropdown_Name_Z_A" name="verifyTitle" time="0.006"/>
  <testcase classname="testCases.TC_012_StaticDropdown_Name_Z_A" name="staticDropdown" time="0.319"/>
  <testcase classname="testCases.TC_012_StaticDropdown_Name_Z_A" name="displayProducts" time="0.127"/>
</testsuite> <!-- testCases.TC_012_StaticDropdown_Name_Z_A -->
