<?xml version="1.0" encoding="UTF-8"?>
<!-- Generated by org.testng.reporters.JUnitReportReporter -->
<testsuite hostname="MS" failures="0" tests="2" name="testCases.TC_007_Display_Products_On_Page" time="0.679" errors="0" timestamp="2024-04-22T08:17:29 IST" skipped="0">
  <testcase classname="testCases.TC_007_Display_Products_On_Page" name="login" time="0.535"/>
  <testcase classname="testCases.TC_007_Display_Products_On_Page" name="displayProducts" time="0.144"/>
</testsuite> <!-- testCases.TC_007_Display_Products_On_Page -->
