<?xml version="1.0" encoding="UTF-8"?>
<!-- Generated by org.testng.reporters.JUnitReportReporter -->
<testsuite hostname="MS" failures="0" tests="6" name="testCases.TC_011_Remove_Product_FromCart" time="1.848" errors="0" timestamp="2024-04-26T12:25:49 IST" skipped="0">
  <testcase classname="testCases.TC_011_Remove_Product_FromCart" name="verifyAccount" time="0.599"/>
  <testcase classname="testCases.TC_011_Remove_Product_FromCart" name="verifyTitle" time="0.008"/>
  <testcase classname="testCases.TC_011_Remove_Product_FromCart" name="verifyProducttitle" time="0.002"/>
  <testcase classname="testCases.TC_011_Remove_Product_FromCart" name="addTocart" time="0.412"/>
  <testcase classname="testCases.TC_011_Remove_Product_FromCart" name="removeProductfromCart" time="0.083"/>
  <testcase classname="testCases.TC_011_Remove_Product_FromCart" name="validateCartempty" time="0.744"/>
</testsuite> <!-- testCases.TC_011_Remove_Product_FromCart -->
