<?xml version="1.0" encoding="UTF-8"?>
<!-- Generated by org.testng.reporters.JUnitReportReporter -->
<testsuite hostname="MS" failures="0" tests="1" name="testCases.TC_005_Scrolling" time="0.599" errors="0" timestamp="2024-04-22T07:34:54 IST" skipped="0">
  <testcase classname="testCases.TC_005_Scrolling" name="login" time="0.599"/>
</testsuite> <!-- testCases.TC_005_Scrolling -->
