<?xml version="1.0" encoding="UTF-8"?>
<!-- Generated by org.testng.reporters.JUnitReportReporter -->
<testsuite hostname="MS" failures="0" tests="1" name="testCases.TC_018_Headless_Browser_Testing" time="2.948" errors="0" timestamp="2024-04-29T20:21:45 IST" skipped="0">
  <testcase classname="testCases.TC_018_Headless_Browser_Testing" name="verifyTitle" time="2.948"/>
</testsuite> <!-- testCases.TC_018_Headless_Browser_Testing -->
