<?xml version="1.0" encoding="UTF-8"?>
<!-- Generated by org.testng.reporters.JUnitReportReporter -->
<testsuite hostname="MS" failures="0" tests="2" name="testCases.TC_009_Verify_itemsCount_PricesCount" time="0.592" errors="0" timestamp="2024-04-22T10:12:52 IST" skipped="0">
  <testcase classname="testCases.TC_009_Verify_itemsCount_PricesCount" name="login" time="0.390"/>
  <testcase classname="testCases.TC_009_Verify_itemsCount_PricesCount" name="verifyitemsCount$PricesCount" time="0.202"/>
</testsuite> <!-- testCases.TC_009_Verify_itemsCount_PricesCount -->
