<?xml version="1.0" encoding="UTF-8"?>
<!-- Generated by org.testng.reporters.JUnitReportReporter -->
<testsuite hostname="MS" failures="0" tests="3" name="testCases.TC_021_End_TO_End" time="2.138" errors="0" timestamp="2024-04-22T13:25:10 IST" skipped="0">
  <testcase classname="testCases.TC_021_End_TO_End" name="login" time="0.628"/>
  <testcase classname="testCases.TC_021_End_TO_End" name="displayProducts" time="0.178"/>
  <testcase classname="testCases.TC_021_End_TO_End" name="clickProduct" time="1.332"/>
</testsuite> <!-- testCases.TC_021_End_TO_End -->
