<?xml version="1.0" encoding="UTF-8"?>
<!-- Generated by org.testng.reporters.JUnitReportReporter -->
<testsuite hostname="MS" failures="0" tests="2" name="testCases.TC_010_ADD_To_Cart" time="0.984" errors="0" timestamp="2024-04-26T11:16:54 IST" skipped="0">
  <testcase classname="testCases.TC_010_ADD_To_Cart" name="login" time="0.575"/>
  <testcase classname="testCases.TC_010_ADD_To_Cart" name="addTocart" time="0.409"/>
</testsuite> <!-- testCases.TC_010_ADD_To_Cart -->
