<?xml version="1.0" encoding="UTF-8"?>
<!-- Generated by org.testng.reporters.JUnitReportReporter -->
<testsuite hostname="MS" failures="0" tests="7" name="testCases.TC_014_Price_Low_To_High" time="1.683" errors="0" timestamp="2024-04-26T13:56:39 IST" skipped="0">
  <testcase classname="testCases.TC_014_Price_Low_To_High" name="verifyAccount" time="0.568"/>
  <testcase classname="testCases.TC_014_Price_Low_To_High" name="verifyTitle" time="0.006"/>
  <testcase classname="testCases.TC_014_Price_Low_To_High" name="staticDropdown" time="0.314"/>
  <testcase classname="testCases.TC_014_Price_Low_To_High" name="displayProductsNames$Prices" time="0.231"/>
  <testcase classname="testCases.TC_014_Price_Low_To_High" name="displayProducts" time="0.127"/>
  <testcase classname="testCases.TC_014_Price_Low_To_High" name="displayProductsAndPrices" time="0.227"/>
  <testcase classname="testCases.TC_014_Price_Low_To_High" name="displayProductsNamesAndPrices" time="0.210"/>
</testsuite> <!-- testCases.TC_014_Price_Low_To_High -->
