<?xml version="1.0" encoding="UTF-8"?>
<!-- Generated by org.testng.reporters.JUnitReportReporter -->
<testsuite hostname="MS" failures="0" tests="3" name="testCases.TC_001_Login" time="0.568" errors="0" timestamp="2024-04-19T17:59:01 IST" skipped="0">
  <testcase classname="testCases.TC_001_Login" name="verifyAccount" time="0.557"/>
  <testcase classname="testCases.TC_001_Login" name="verifyTitle" time="0.009"/>
  <testcase classname="testCases.TC_001_Login" name="verifyProducttitle" time="0.002"/>
</testsuite> <!-- testCases.TC_001_Login -->
