<?xml version="1.0" encoding="UTF-8"?>
<!-- Generated by org.testng.reporters.JUnitReportReporter -->
<testsuite hostname="MS" failures="0" tests="3" name="testCases.TC_016_BrokenLinks" time="5.668" errors="0" timestamp="2024-04-26T12:35:47 IST" skipped="0">
  <testcase classname="testCases.TC_016_BrokenLinks" name="login" time="0.553"/>
  <testcase classname="testCases.TC_016_BrokenLinks" name="displayProducts" time="0.142"/>
  <testcase classname="testCases.TC_016_BrokenLinks" name="displayLinks" time="4.973"/>
</testsuite> <!-- testCases.TC_016_BrokenLinks -->
