<?xml version="1.0" encoding="UTF-8"?>
<!-- Generated by org.testng.reporters.JUnitReportReporter -->
<testsuite hostname="MS" failures="0" tests="2" name="testCases.TC_008_Display_Products_Names_Prices" time="0.835" errors="0" timestamp="2024-04-22T08:28:16 IST" skipped="0">
  <testcase classname="testCases.TC_008_Display_Products_Names_Prices" name="login" time="0.546"/>
  <testcase classname="testCases.TC_008_Display_Products_Names_Prices" name="displayProductsNames$Prices" time="0.289"/>
</testsuite> <!-- testCases.TC_008_Display_Products_Names_Prices -->
