<?xml version="1.0" encoding="UTF-8"?>
<!-- Generated by org.testng.reporters.JUnitReportReporter -->
<testsuite hostname="MS" failures="0" tests="4" name="testCases.TC_013_StaticDropdown_Name_A_Z" time="1.013" errors="0" timestamp="2024-04-26T13:26:57 IST" skipped="0">
  <testcase classname="testCases.TC_013_StaticDropdown_Name_A_Z" name="verifyAccount" time="0.628"/>
  <testcase classname="testCases.TC_013_StaticDropdown_Name_A_Z" name="verifyTitle" time="0.005"/>
  <testcase classname="testCases.TC_013_StaticDropdown_Name_A_Z" name="staticDropdown" time="0.259"/>
  <testcase classname="testCases.TC_013_StaticDropdown_Name_A_Z" name="displayProducts" time="0.121"/>
</testsuite> <!-- testCases.TC_013_StaticDropdown_Name_A_Z -->
