<?xml version="1.0" encoding="UTF-8"?>
<!-- Generated by org.testng.reporters.JUnitReportReporter -->
<testsuite hostname="MS" failures="0" tests="2" name="testCases.TC_006_ScrollPage_ClickOnProduct" time="0.734" errors="0" timestamp="2024-04-22T07:55:17 IST" skipped="0">
  <testcase classname="testCases.TC_006_ScrollPage_ClickOnProduct" name="login" time="0.578"/>
  <testcase classname="testCases.TC_006_ScrollPage_ClickOnProduct" name="verifyTitleClickProduct" time="0.156"/>
</testsuite> <!-- testCases.TC_006_ScrollPage_ClickOnProduct -->
